0 info it worked if it ends with ok
1 verbose cli [ '/usr/local/Cellar/node@6/6.14.4/bin/node',
1 verbose cli   '/usr/local/bin/npm',
1 verbose cli   'run',
1 verbose cli   'install:wordpress' ]
2 info using npm@3.10.10
3 info using node@v6.14.4
4 verbose run-script [ 'preinstall:wordpress',
4 verbose run-script   'install:wordpress',
4 verbose run-script   'postinstall:wordpress' ]
5 info lifecycle mywebsite@1.0.0~preinstall:wordpress: mywebsite@1.0.0
6 silly lifecycle mywebsite@1.0.0~preinstall:wordpress: no script for preinstall:wordpress, continuing
7 info lifecycle mywebsite@1.0.0~install:wordpress: mywebsite@1.0.0
8 verbose lifecycle mywebsite@1.0.0~install:wordpress: unsafe-perm in lifecycle true
9 verbose lifecycle mywebsite@1.0.0~install:wordpress: PATH: /usr/local/Cellar/node@6/6.14.4/lib/node_modules/npm/bin/node-gyp-bin:/Users/charllabuschagne/Sites/sandhillproperties/node_modules/.bin:/usr/local/Cellar/node@6/6.14.4/bin:/anaconda3/bin:/Library/Frameworks/Python.framework/Versions/3.7/bin:/usr/local/php5/bin:/usr/local/bin:/usr/bin:/bin:/usr/sbin:/sbin
10 verbose lifecycle mywebsite@1.0.0~install:wordpress: CWD: /Users/charllabuschagne/Sites/sandhillproperties
11 silly lifecycle mywebsite@1.0.0~install:wordpress: Args: [ '-c',
11 silly lifecycle   'gulp cleanup && gulp download-wordpress && gulp setup' ]
12 silly lifecycle mywebsite@1.0.0~install:wordpress: Returned: code: 1  signal: null
13 info lifecycle mywebsite@1.0.0~install:wordpress: Failed to exec install:wordpress script
14 verbose stack Error: mywebsite@1.0.0 install:wordpress: `gulp cleanup && gulp download-wordpress && gulp setup`
14 verbose stack Exit status 1
14 verbose stack     at EventEmitter.<anonymous> (/usr/local/Cellar/node@6/6.14.4/lib/node_modules/npm/lib/utils/lifecycle.js:255:16)
14 verbose stack     at emitTwo (events.js:106:13)
14 verbose stack     at EventEmitter.emit (events.js:191:7)
14 verbose stack     at ChildProcess.<anonymous> (/usr/local/Cellar/node@6/6.14.4/lib/node_modules/npm/lib/utils/spawn.js:40:14)
14 verbose stack     at emitTwo (events.js:106:13)
14 verbose stack     at ChildProcess.emit (events.js:191:7)
14 verbose stack     at maybeClose (internal/child_process.js:920:16)
14 verbose stack     at Process.ChildProcess._handle.onexit (internal/child_process.js:230:5)
15 verbose pkgid mywebsite@1.0.0
16 verbose cwd /Users/charllabuschagne/Sites/sandhillproperties
17 error Darwin 16.7.0
18 error argv "/usr/local/Cellar/node@6/6.14.4/bin/node" "/usr/local/bin/npm" "run" "install:wordpress"
19 error node v6.14.4
20 error npm  v3.10.10
21 error code ELIFECYCLE
22 error mywebsite@1.0.0 install:wordpress: `gulp cleanup && gulp download-wordpress && gulp setup`
22 error Exit status 1
23 error Failed at the mywebsite@1.0.0 install:wordpress script 'gulp cleanup && gulp download-wordpress && gulp setup'.
23 error Make sure you have the latest version of node.js and npm installed.
23 error If you do, this is most likely a problem with the mywebsite package,
23 error not with npm itself.
23 error Tell the author that this fails on your system:
23 error     gulp cleanup && gulp download-wordpress && gulp setup
23 error You can get information on how to open an issue for this project with:
23 error     npm bugs mywebsite
23 error Or if that isn't available, you can get their info via:
23 error     npm owner ls mywebsite
23 error There is likely additional logging output above.
24 verbose exit [ 1, true ]
